<?xml version="1.0" encoding="UTF-8"?>
<!-- Generated by org.testng.reporters.JUnitReportReporter -->
<testsuite hostname="NB-FAWADK-08" name="test.java.PMSeleniumTest" tests="1" failures="0" timestamp="17 Feb 2015 19:35:43 GMT" time="0.005" errors="0">
  <testcase name="f" time="0.005" classname="test.java.PMSeleniumTest"/>
</testsuite> <!-- test.java.PMSeleniumTest -->
